\standalonepreambles
\subpreamble{chapters/coxeter/coxeter.tex}
\usepackage [subpreambles=true]{standalone}\usepackage {import}\usepackage {/home/mark/Documents/gradschool/research/thesis/preamble}\newcommand {\cop }{\ensuremath {C^{\text {op}}}}
\endsubpreamble
\subpreamble{chapters/buildings/buildings.tex}
\usepackage [subpreambles=true]{standalone}\usepackage {import}\usepackage {/home/mark/Documents/gradschool/research/thesis/preamble}
\endsubpreamble
\subpreamble{chapters/rgd/rgd.tex}
\usepackage [subpreambles=true]{standalone}\usepackage {import}\usepackage {/home/mark/Documents/gradschool/research/thesis/preamble}
\endsubpreamble
\subpreamble{chapters/knownresults/knownresults.tex}
\usepackage [subpreambles=true]{standalone}\usepackage {import}\usepackage {/home/mark/Documents/gradschool/research/thesis/preamble}
\endsubpreamble
\subpreamble{chapters/generalcase/generalcase.tex}
\usepackage [subpreambles=true]{standalone}\usepackage {import}\usepackage {/home/mark/Documents/gradschool/research/thesis/preamble}
\endsubpreamble
\subpreamble{chapters/generalcase/diagrams/defineD.tex}
\usepackage [subpreambles=true]{standalone}\usepackage {tikz}
\endsubpreamble
\subpreamble{chapters/generalcase/diagrams/mappicture.tex}
\usepackage [subpreambles=true]{standalone}\usepackage {import}\usepackage {amssymb}\usepackage {tikz}\usetikzlibrary {arrows}
\endsubpreamble
\subpreamble{chapters/generalcase/diagrams/./wtranslationpost.tex}
\usepackage [subpreambles=true]{standalone}\usepackage {tikz}
\endsubpreamble
\subpreamble{chapters/generalcase/diagrams/./wtranslationpre.tex}
\usepackage [subpreambles=true]{standalone}\usepackage {tikz}
\endsubpreamble
\subpreamble{chapters/exceptionalcase/exceptionalcase.tex}
\usepackage [subpreambles=true]{standalone}\usepackage {/home/mark/Documents/gradschool/research/thesis/preamble}\usepackage {import}
\endsubpreamble
\endstandalonepreambles
